<?xml version="1.0" encoding="UTF-8"?>
<!-- Generated by org.testng.reporters.JUnitXMLReporter -->
<testsuite ignored="0" hostname="LAPTOP-9L7SP0BT" failures="0" tests="2" name="ChromeBrowser" time="0.097" errors="0" timestamp="2022-09-14T16:06:22 IST">
  <testcase classname="instagramautomate.VeriffyHomeTestNg" name="@BeforeTest launchbrowser" time="-1.66315178269E9">
    <failure type="org.testng.TestNGException" message="
Parameter &amp;apos;Browser&amp;apos; is required by BeforeTest on method launchbrowser but has not been marked @Optional or defined
in C:\Users\ADVIKA\eclipse-workspace\instagramautomate\regression.xml">
      <![CDATA[org.testng.TestNGException: 
Parameter 'Browser' is required by BeforeTest on method launchbrowser but has not been marked @Optional or defined
in C:\Users\ADVIKA\eclipse-workspace\instagramautomate\regression.xml
... Removed 21 stack frames]]>
    </failure>
  </testcase> <!-- @BeforeTest launchbrowser -->
  <testcase classname="instagramautomate.VeriffyHomeTestNg" name="@BeforeClass createPOMObjects" time="-1.66315178273E9">
    <skipped/>
  </testcase> <!-- @BeforeClass createPOMObjects -->
  <testcase classname="instagramautomate.VeriffyHomeTestNg" name="@BeforeMethod opentheLoginpage" time="-1.663151782747E9">
    <skipped/>
  </testcase> <!-- @BeforeMethod opentheLoginpage -->
  <testcase classname="instagramautomate.VeriffyHomeTestNg" name="@AfterMethod aftermethod" time="-1.663151782756E9">
    <skipped/>
  </testcase> <!-- @AfterMethod aftermethod -->
  <testcase classname="instagramautomate.VeriffyHomeTestNg" name="@AfterClass cleanPOMObjects" time="-1.663151782759E9">
    <skipped/>
  </testcase> <!-- @AfterClass cleanPOMObjects -->
  <testcase classname="instagramautomate.VerifyLikeButoon" name="@BeforeClass beforeclass" time="-1.663151782766E9">
    <skipped/>
  </testcase> <!-- @BeforeClass beforeclass -->
  <testcase classname="instagramautomate.VerifyLikeButoon" name="@BeforeMethod beforemrthod" time="-1.663151782768E9">
    <skipped/>
  </testcase> <!-- @BeforeMethod beforemrthod -->
  <testcase classname="instagramautomate.VerifyLikeButoon" name="@AfterMethod aftermethod" time="-1.663151782775E9">
    <skipped/>
  </testcase> <!-- @AfterMethod aftermethod -->
  <testcase classname="instagramautomate.VerifyLikeButoon" name="@AfterClass afterclass" time="-1.663151782776E9">
    <skipped/>
  </testcase> <!-- @AfterClass afterclass -->
  <testcase classname="instagramautomate.VeriffyHomeTestNg" name="@AfterTest closetheBrowesr" time="-1.663151782777E9">
    <skipped/>
  </testcase> <!-- @AfterTest closetheBrowesr -->
  <testcase classname="instagramautomate.VeriffyHomeTestNg" name="test1" time="0.0">
    <skipped/>
  </testcase> <!-- test1 -->
  <testcase classname="instagramautomate.VerifyLikeButoon" name="test1" time="0.0">
    <skipped/>
  </testcase> <!-- test1 -->
</testsuite> <!-- ChromeBrowser -->
