<?xml version="1.0" encoding="UTF-8"?>
<!-- Generated by org.testng.reporters.JUnitXMLReporter -->
<testsuite ignored="0" hostname="LAPTOP-9L7SP0BT" failures="0" tests="2" name="FireFoxTest" time="0.081" errors="0" timestamp="2022-09-15T23:59:01 IST">
  <testcase classname="instagramautomate.VeriffyHomeTestNg" name="@BeforeTest launchbrowser" time="0.029">
    <failure type="org.openqa.selenium.WebDriverException" message="Cannot find firefox binary in PATH. Make sure firefox is installed. OS appears to be: XP
Build info: version: &amp;apos;3.141.59&amp;apos;, revision: &amp;apos;e82be7d358&amp;apos;, time: &amp;apos;2018-11-14T08:17:03&amp;apos;
System info: host: &amp;apos;LAPTOP-9L7SP0BT&amp;apos;, ip: &amp;apos;192.168.0.104&amp;apos;, os.name: &amp;apos;Windows 11&amp;apos;, os.arch: &amp;apos;amd64&amp;apos;, os.version: &amp;apos;10.0&amp;apos;, java.version: &amp;apos;18.0.1.1&amp;apos;
Driver info: driver.version: FirefoxDriver">
      <![CDATA[org.openqa.selenium.WebDriverException: Cannot find firefox binary in PATH. Make sure firefox is installed. OS appears to be: XP
Build info: version: '3.141.59', revision: 'e82be7d358', time: '2018-11-14T08:17:03'
System info: host: 'LAPTOP-9L7SP0BT', ip: '192.168.0.104', os.name: 'Windows 11', os.arch: 'amd64', os.version: '10.0', java.version: '18.0.1.1'
Driver info: driver.version: FirefoxDriver
at org.openqa.selenium.firefox.FirefoxBinary.<init>(FirefoxBinary.java:100)
at java.base/java.util.Optional.orElseGet(Optional.java:364)
at org.openqa.selenium.firefox.FirefoxOptions.getBinary(FirefoxOptions.java:216)
at org.openqa.selenium.firefox.FirefoxDriver.toExecutor(FirefoxDriver.java:187)
at org.openqa.selenium.firefox.FirefoxDriver.<init>(FirefoxDriver.java:147)
at org.openqa.selenium.firefox.FirefoxDriver.<init>(FirefoxDriver.java:125)
at instagramautomate.VeriffyHomeTestNg.launchbrowser(VeriffyHomeTestNg.java:48)
... Removed 22 stack frames]]>
    </failure>
  </testcase> <!-- @BeforeTest launchbrowser -->
  <testcase classname="instagramautomate.VerifyLikeButoon" name="@BeforeTest launchtheBrowser" time="-1.66326654171E9">
    <skipped/>
  </testcase> <!-- @BeforeTest launchtheBrowser -->
  <testcase classname="instagramautomate.VerifyLikeButoon" name="@BeforeClass beforeclass" time="-1.663266541716E9">
    <skipped/>
  </testcase> <!-- @BeforeClass beforeclass -->
  <testcase classname="instagramautomate.VeriffyHomeTestNg" name="@BeforeClass createPOMObjects" time="-1.663266541716E9">
    <skipped/>
  </testcase> <!-- @BeforeClass createPOMObjects -->
  <testcase classname="instagramautomate.VeriffyHomeTestNg" name="@BeforeMethod opentheLoginpage" time="-1.663266541723E9">
    <skipped/>
  </testcase> <!-- @BeforeMethod opentheLoginpage -->
  <testcase classname="instagramautomate.VerifyLikeButoon" name="@BeforeMethod beforemrthod" time="-1.663266541725E9">
    <skipped/>
  </testcase> <!-- @BeforeMethod beforemrthod -->
  <testcase classname="instagramautomate.VeriffyHomeTestNg" name="@AfterMethod aftermethod" time="-1.663266541735E9">
    <skipped/>
  </testcase> <!-- @AfterMethod aftermethod -->
  <testcase classname="instagramautomate.VerifyLikeButoon" name="@AfterMethod aftermethod" time="-1.663266541737E9">
    <skipped/>
  </testcase> <!-- @AfterMethod aftermethod -->
  <testcase classname="instagramautomate.VeriffyHomeTestNg" name="@AfterClass cleanPOMObjects" time="-1.663266541741E9">
    <skipped/>
  </testcase> <!-- @AfterClass cleanPOMObjects -->
  <testcase classname="instagramautomate.VerifyLikeButoon" name="@AfterClass afterclass" time="-1.663266541742E9">
    <skipped/>
  </testcase> <!-- @AfterClass afterclass -->
  <testcase classname="instagramautomate.VeriffyHomeTestNg" name="@AfterTest closetheBrowesr" time="-1.663266541747E9">
    <skipped/>
  </testcase> <!-- @AfterTest closetheBrowesr -->
  <testcase classname="instagramautomate.VerifyLikeButoon" name="@AfterTest aftertest" time="-1.66326654175E9">
    <skipped/>
  </testcase> <!-- @AfterTest aftertest -->
  <testcase classname="instagramautomate.VeriffyHomeTestNg" name="test1" time="0.0">
    <skipped/>
  </testcase> <!-- test1 -->
  <testcase classname="instagramautomate.VerifyLikeButoon" name="test1" time="0.0">
    <skipped/>
  </testcase> <!-- test1 -->
</testsuite> <!-- FireFoxTest -->
